[2020-03-16 15:36:17.694] [exthost] [info] extension host started
[2020-03-16 15:36:17.800] [exthost] [info] ExtensionService#_doActivateExtension vscode.debug-auto-launch {"startup":true,"extensionId":{"value":"vscode.debug-auto-launch","_lower":"vscode.debug-auto-launch"},"activationEvent":"*"}
[2020-03-16 15:36:17.800] [exthost] [info] ExtensionService#loadCommonJSModule file:///snap/code/26/usr/share/code/resources/app/extensions/debug-auto-launch/dist/extension
[2020-03-16 15:36:17.807] [exthost] [info] ExtensionService#_doActivateExtension vscode.emmet {"startup":true,"extensionId":{"value":"vscode.emmet","_lower":"vscode.emmet"},"activationEvent":"*"}
[2020-03-16 15:36:17.807] [exthost] [info] ExtensionService#loadCommonJSModule file:///snap/code/26/usr/share/code/resources/app/extensions/emmet/dist/extension
[2020-03-16 15:36:17.859] [exthost] [info] ExtensionService#_doActivateExtension vscode.git {"startup":true,"extensionId":{"value":"vscode.git","_lower":"vscode.git"},"activationEvent":"*"}
[2020-03-16 15:36:17.860] [exthost] [info] ExtensionService#loadCommonJSModule file:///snap/code/26/usr/share/code/resources/app/extensions/git/dist/main
[2020-03-16 15:36:17.936] [exthost] [info] ExtensionService#_doActivateExtension vscode.github-authentication {"startup":true,"extensionId":{"value":"vscode.github-authentication","_lower":"vscode.github-authentication"},"activationEvent":"*"}
[2020-03-16 15:36:17.940] [exthost] [info] ExtensionService#loadCommonJSModule file:///snap/code/26/usr/share/code/resources/app/extensions/github-authentication/dist/extension.js
[2020-03-16 15:36:17.944] [exthost] [info] ExtensionService#_doActivateExtension vscode.merge-conflict {"startup":true,"extensionId":{"value":"vscode.merge-conflict","_lower":"vscode.merge-conflict"},"activationEvent":"*"}
[2020-03-16 15:36:17.945] [exthost] [info] ExtensionService#loadCommonJSModule file:///snap/code/26/usr/share/code/resources/app/extensions/merge-conflict/dist/extension
[2020-03-16 15:36:17.952] [exthost] [info] ExtensionService#_doActivateExtension vscode.search-result {"startup":true,"extensionId":{"value":"vscode.search-result","_lower":"vscode.search-result"},"activationEvent":"*"}
[2020-03-16 15:36:17.953] [exthost] [info] ExtensionService#loadCommonJSModule file:///snap/code/26/usr/share/code/resources/app/extensions/search-result/dist/extension.js
[2020-03-16 15:36:17.957] [exthost] [info] ExtensionService#_doActivateExtension vscode.vscode-account {"startup":true,"extensionId":{"value":"vscode.vscode-account","_lower":"vscode.vscode-account"},"activationEvent":"*"}
[2020-03-16 15:36:17.957] [exthost] [info] ExtensionService#loadCommonJSModule file:///snap/code/26/usr/share/code/resources/app/extensions/vscode-account/dist/extension.js
[2020-03-16 15:36:17.968] [exthost] [info] ExtensionService#_doActivateExtension ritwickdey.LiveServer {"startup":true,"extensionId":{"value":"ritwickdey.LiveServer","_lower":"ritwickdey.liveserver"},"activationEvent":"*"}
[2020-03-16 15:36:17.968] [exthost] [info] ExtensionService#loadCommonJSModule file:///root/.vscode/extensions/ritwickdey.liveserver-5.6.1/out/src/extension
[2020-03-16 15:36:18.629] [exthost] [info] eager extensions activated
[2020-03-16 15:38:15.391] [exthost] [info] ExtensionService#_doActivateExtension vscode.html-language-features {"startup":false,"extensionId":{"value":"vscode.html-language-features","_lower":"vscode.html-language-features"},"activationEvent":"onLanguage:html"}
[2020-03-16 15:38:15.391] [exthost] [info] ExtensionService#loadCommonJSModule file:///snap/code/26/usr/share/code/resources/app/extensions/html-language-features/client/dist/htmlMain
[2020-03-16 15:39:22.081] [exthost] [info] ExtensionService#_doActivateExtension vscode.css-language-features {"startup":false,"extensionId":{"value":"vscode.css-language-features","_lower":"vscode.css-language-features"},"activationEvent":"onLanguage:css"}
[2020-03-16 15:39:22.081] [exthost] [info] ExtensionService#loadCommonJSModule file:///snap/code/26/usr/share/code/resources/app/extensions/css-language-features/client/dist/cssMain
[2020-03-16 15:49:15.174] [exthost] [info] ExtensionService#_doActivateExtension vscode.image-preview {"startup":false,"extensionId":{"value":"vscode.image-preview","_lower":"vscode.image-preview"},"activationEvent":"onCustomEditor:imagePreview.previewEditor"}
[2020-03-16 15:49:15.174] [exthost] [info] ExtensionService#loadCommonJSModule file:///snap/code/26/usr/share/code/resources/app/extensions/image-preview/dist/extension
