Looking for git in: git
Using git 2.25.1 from git
> git rev-parse --show-toplevel
> git rev-parse --git-dir
Open repository: /home/owlspec3086/Lambda_assignments/responsive-web-design-I
> git status -z -u
> git symbolic-ref --short HEAD
> git rev-parse eric-anderson
> git rev-parse --symbolic-full-name eric-anderson@{u}
fatal: no upstream configured for branch 'eric-anderson'
> git for-each-ref --format %(refname) %(objectname) --sort -committerdate
> git remote --verbose
> git config --get commit.template
> git show :index.html
> git ls-files --stage -- /home/owlspec3086/Lambda_assignments/responsive-web-design-I/index.html
> git cat-file -s 476b4b8cb906e9a868197a145fd909c4a0fdf88e
> git check-ignore -v -z --stdin
> git status -z -u
> git symbolic-ref --short HEAD
> git rev-parse eric-anderson
> git rev-parse --symbolic-full-name eric-anderson@{u}
fatal: no upstream configured for branch 'eric-anderson'
> git for-each-ref --format %(refname) %(objectname) --sort -committerdate
> git remote --verbose
> git config --get commit.template
> git show :css/index.css
> git ls-files --stage -- /home/owlspec3086/Lambda_assignments/responsive-web-design-I/css/index.css
> git cat-file -s 0c9959c1e5a257af0ff7bd035ef0f5b59d73c1b7
> git check-ignore -v -z --stdin
> git show :index.html
> git ls-files --stage -- /home/owlspec3086/Lambda_assignments/responsive-web-design-I/index.html
> git cat-file -s 476b4b8cb906e9a868197a145fd909c4a0fdf88e
> git status -z -u
> git symbolic-ref --short HEAD
> git rev-parse eric-anderson
> git rev-parse --symbolic-full-name eric-anderson@{u}
fatal: no upstream configured for branch 'eric-anderson'
> git for-each-ref --format %(refname) %(objectname) --sort -committerdate
> git remote --verbose
> git config --get commit.template
> git show :css/index.css
> git ls-files --stage -- /home/owlspec3086/Lambda_assignments/responsive-web-design-I/css/index.css
> git cat-file -s 0c9959c1e5a257af0ff7bd035ef0f5b59d73c1b7
> git status -z -u
> git symbolic-ref --short HEAD
> git rev-parse eric-anderson
> git rev-parse --symbolic-full-name eric-anderson@{u}
fatal: no upstream configured for branch 'eric-anderson'
> git for-each-ref --format %(refname) %(objectname) --sort -committerdate
> git remote --verbose
> git config --get commit.template
> git check-ignore -v -z --stdin
> git show :css/index.css
> git ls-files --stage -- /home/owlspec3086/Lambda_assignments/responsive-web-design-I/css/index.css
> git cat-file -s 0c9959c1e5a257af0ff7bd035ef0f5b59d73c1b7
> git show :index.html
> git ls-files --stage -- /home/owlspec3086/Lambda_assignments/responsive-web-design-I/index.html
> git cat-file -s 476b4b8cb906e9a868197a145fd909c4a0fdf88e
> git check-ignore -v -z --stdin
> git show :css/index.css
> git ls-files --stage -- /home/owlspec3086/Lambda_assignments/responsive-web-design-I/css/index.css
> git cat-file -s 0c9959c1e5a257af0ff7bd035ef0f5b59d73c1b7
